<?xml version="1.0" encoding="UTF-8"?>
<!-- Generated by org.testng.reporters.JUnitXMLReporter -->
<testsuite ignored="6" hostname="PoojaBalhara-MacBook-Pro.local" failures="2" tests="5" name="Surefire test" time="83.908" errors="0" timestamp="2023-04-24T14:13:11 IST">
  <testcase classname="Tests.CreateOrderPageTests" name="createSingleOrder" time="26.781"/>
  <testcase classname="Tests.LoginPageTests" name="verifyLoginPickrr" time="3.81"/>
  <testcase classname="Tests.SignUpPageTests" name="verifyUserSignUpForFree" time="10.541"/>
  <testcase classname="Tests.SignUpPageTests" name="verifyMobile" time="6.102">
    <failure type="org.openqa.selenium.ElementClickInterceptedException" message="element click intercepted: Element &amp;lt;button _ngcontent-hog-c56=&amp;quot;&amp;quot; type=&amp;quot;submit&amp;quot; class=&amp;quot;mt-4 btn btn-bg-blue col-md-12 fs-14px text-light SFProDisplay-Semibold rounded-10px&amp;quot; style=&amp;quot;height: 36px;&amp;quot; disabled=&amp;quot;&amp;quot;&amp;gt;...&amp;lt;/button&amp;gt; is not clickable at point (1144, 435). Other element would receive the click: &amp;lt;div _ngcontent-hog-c16=&amp;quot;&amp;quot; class=&amp;quot;ngx-overlay foreground-closing&amp;quot; style=&amp;quot;background-color: rgba(0, 0, 0, 0.5); border-radius: 0px;&amp;quot;&amp;gt;...&amp;lt;/div&amp;gt;
  (Session info: chrome=108.0.5359.98)
Build info: version: &amp;apos;4.4.0&amp;apos;, revision: &amp;apos;e5c75ed026a&amp;apos;
System info: host: &amp;apos;PoojaBalhara-MacBook-Pro.local&amp;apos;, ip: &amp;apos;fe80:0:0:0:14dc:2fe6:45d1:21d7%en0&amp;apos;, os.name: &amp;apos;Mac OS X&amp;apos;, os.arch: &amp;apos;aarch64&amp;apos;, os.version: &amp;apos;13.3.1&amp;apos;, java.version: &amp;apos;19.0.2&amp;apos;
Driver info: org.openqa.selenium.chrome.ChromeDriver
Command: [1d241b4c3d6b062776999188a91cee69, clickElement {id=ed52dd0c-8f3f-495b-9d55-b3a4bcc42697}]
Capabilities {acceptInsecureCerts: false, browserName: chrome, browserVersion: 108.0.5359.98, chrome: {chromedriverVersion: 108.0.5359.71 (1e0e3868ee06..., userDataDir: /var/folders/hp/c1lg7pt953l...}, goog:chromeOptions: {debuggerAddress: localhost:60749}, networkConnectionEnabled: false, pageLoadStrategy: normal, platformName: MAC, proxy: Proxy(), se:cdp: ws://localhost:60749/devtoo..., se:cdpVersion: 108.0.5359.98, setWindowRect: true, strictFileInteractability: false, timeouts: {implicit: 0, pageLoad: 300000, script: 30000}, unhandledPromptBehavior: dismiss and notify, webauthn:extension:credBlob: true, webauthn:extension:largeBlob: true, webauthn:virtualAuthenticators: true}
Element: [[ChromeDriver: chrome on MAC (1d241b4c3d6b062776999188a91cee69)] -&amp;gt; xpath: //button[@type=&amp;apos;submit&amp;apos;]]
Session ID: 1d241b4c3d6b062776999188a91cee69">
      <![CDATA[org.openqa.selenium.ElementClickInterceptedException: element click intercepted: Element <button _ngcontent-hog-c56="" type="submit" class="mt-4 btn btn-bg-blue col-md-12 fs-14px text-light SFProDisplay-Semibold rounded-10px" style="height: 36px;" disabled="">...</button> is not clickable at point (1144, 435). Other element would receive the click: <div _ngcontent-hog-c16="" class="ngx-overlay foreground-closing" style="background-color: rgba(0, 0, 0, 0.5); border-radius: 0px;">...</div>
  (Session info: chrome=108.0.5359.98)
Build info: version: '4.4.0', revision: 'e5c75ed026a'
System info: host: 'PoojaBalhara-MacBook-Pro.local', ip: 'fe80:0:0:0:14dc:2fe6:45d1:21d7%en0', os.name: 'Mac OS X', os.arch: 'aarch64', os.version: '13.3.1', java.version: '19.0.2'
Driver info: org.openqa.selenium.chrome.ChromeDriver
Command: [1d241b4c3d6b062776999188a91cee69, clickElement {id=ed52dd0c-8f3f-495b-9d55-b3a4bcc42697}]
Capabilities {acceptInsecureCerts: false, browserName: chrome, browserVersion: 108.0.5359.98, chrome: {chromedriverVersion: 108.0.5359.71 (1e0e3868ee06..., userDataDir: /var/folders/hp/c1lg7pt953l...}, goog:chromeOptions: {debuggerAddress: localhost:60749}, networkConnectionEnabled: false, pageLoadStrategy: normal, platformName: MAC, proxy: Proxy(), se:cdp: ws://localhost:60749/devtoo..., se:cdpVersion: 108.0.5359.98, setWindowRect: true, strictFileInteractability: false, timeouts: {implicit: 0, pageLoad: 300000, script: 30000}, unhandledPromptBehavior: dismiss and notify, webauthn:extension:credBlob: true, webauthn:extension:largeBlob: true, webauthn:virtualAuthenticators: true}
Element: [[ChromeDriver: chrome on MAC (1d241b4c3d6b062776999188a91cee69)] -> xpath: //button[@type='submit']]
Session ID: 1d241b4c3d6b062776999188a91cee69
at org.openqa.selenium.remote.codec.w3c.W3CHttpResponseCodec.createException(W3CHttpResponseCodec.java:200)
at org.openqa.selenium.remote.codec.w3c.W3CHttpResponseCodec.decode(W3CHttpResponseCodec.java:133)
at org.openqa.selenium.remote.codec.w3c.W3CHttpResponseCodec.decode(W3CHttpResponseCodec.java:53)
at org.openqa.selenium.remote.HttpCommandExecutor.execute(HttpCommandExecutor.java:184)
at org.openqa.selenium.remote.service.DriverCommandExecutor.invokeExecute(DriverCommandExecutor.java:167)
at org.openqa.selenium.remote.service.DriverCommandExecutor.execute(DriverCommandExecutor.java:142)
at org.openqa.selenium.remote.RemoteWebDriver.execute(RemoteWebDriver.java:547)
at org.openqa.selenium.remote.RemoteWebElement.execute(RemoteWebElement.java:257)
at org.openqa.selenium.remote.RemoteWebElement.click(RemoteWebElement.java:78)
at Pages.BasePage.click(BasePage.java:25)
at Actions.SignUpPageActions.enterMobileForOTP(SignUpPageActions.java:37)
at Tests.SignUpPageTests.verifyMobile(SignUpPageTests.java:41)
at java.base/java.util.ArrayList.forEach(ArrayList.java:1511)
... Removed 33 stack frames]]>
    </failure>
  </testcase> <!-- verifyMobile -->
  <testcase classname="Tests.HomePageTests" name="verifyNavigationToCreateOrderPage" time="19.014">
    <failure type="org.openqa.selenium.TimeoutException" message="Expected condition failed: waiting for visibility of element located by By.xpath: //img[@alt=&amp;apos;Create Order plus icon&amp;apos;] (tried for 10 second(s) with 500 milliseconds interval)
Build info: version: &amp;apos;4.4.0&amp;apos;, revision: &amp;apos;e5c75ed026a&amp;apos;
System info: host: &amp;apos;PoojaBalhara-MacBook-Pro.local&amp;apos;, ip: &amp;apos;fe80:0:0:0:14dc:2fe6:45d1:21d7%en0&amp;apos;, os.name: &amp;apos;Mac OS X&amp;apos;, os.arch: &amp;apos;aarch64&amp;apos;, os.version: &amp;apos;13.3.1&amp;apos;, java.version: &amp;apos;19.0.2&amp;apos;
Driver info: org.openqa.selenium.chrome.ChromeDriver
Capabilities {acceptInsecureCerts: false, browserName: chrome, browserVersion: 108.0.5359.98, chrome: {chromedriverVersion: 108.0.5359.71 (1e0e3868ee06..., userDataDir: /var/folders/hp/c1lg7pt953l...}, goog:chromeOptions: {debuggerAddress: localhost:60870}, networkConnectionEnabled: false, pageLoadStrategy: normal, platformName: MAC, proxy: Proxy(), se:cdp: ws://localhost:60870/devtoo..., se:cdpVersion: 108.0.5359.98, setWindowRect: true, strictFileInteractability: false, timeouts: {implicit: 0, pageLoad: 300000, script: 30000}, unhandledPromptBehavior: dismiss and notify, webauthn:extension:credBlob: true, webauthn:extension:largeBlob: true, webauthn:virtualAuthenticators: true}
Session ID: d72b87855857aedbebe9954774babaf7">
      <![CDATA[org.openqa.selenium.TimeoutException: Expected condition failed: waiting for visibility of element located by By.xpath: //img[@alt='Create Order plus icon'] (tried for 10 second(s) with 500 milliseconds interval)
Build info: version: '4.4.0', revision: 'e5c75ed026a'
System info: host: 'PoojaBalhara-MacBook-Pro.local', ip: 'fe80:0:0:0:14dc:2fe6:45d1:21d7%en0', os.name: 'Mac OS X', os.arch: 'aarch64', os.version: '13.3.1', java.version: '19.0.2'
Driver info: org.openqa.selenium.chrome.ChromeDriver
Capabilities {acceptInsecureCerts: false, browserName: chrome, browserVersion: 108.0.5359.98, chrome: {chromedriverVersion: 108.0.5359.71 (1e0e3868ee06..., userDataDir: /var/folders/hp/c1lg7pt953l...}, goog:chromeOptions: {debuggerAddress: localhost:60870}, networkConnectionEnabled: false, pageLoadStrategy: normal, platformName: MAC, proxy: Proxy(), se:cdp: ws://localhost:60870/devtoo..., se:cdpVersion: 108.0.5359.98, setWindowRect: true, strictFileInteractability: false, timeouts: {implicit: 0, pageLoad: 300000, script: 30000}, unhandledPromptBehavior: dismiss and notify, webauthn:extension:credBlob: true, webauthn:extension:largeBlob: true, webauthn:virtualAuthenticators: true}
Session ID: d72b87855857aedbebe9954774babaf7
at org.openqa.selenium.support.ui.WebDriverWait.timeoutException(WebDriverWait.java:87)
at org.openqa.selenium.support.ui.FluentWait.until(FluentWait.java:231)
at Pages.BasePage.waitVisibility(BasePage.java:57)
at Pages.BasePage.click(BasePage.java:25)
at Actions.HomepageActions.HoverCreateAndClickCreateOrder(HomepageActions.java:14)
at Tests.HomePageTests.verifyNavigationToCreateOrderPage(HomePageTests.java:37)
at java.base/java.util.ArrayList.forEach(ArrayList.java:1511)
... Removed 30 stack frames]]>
    </failure>
  </testcase> <!-- verifyNavigationToCreateOrderPage -->
  <testcase classname="Base.BaseTest" name="@AfterSuite stopTestExecution" time="0.0">
    <ignored/>
  </testcase> <!-- @AfterSuite stopTestExecution -->
  <testcase classname="Base.BaseTest" name="@BeforeSuite startBeforeSuiteExecution" time="0.0">
    <ignored/>
  </testcase> <!-- @BeforeSuite startBeforeSuiteExecution -->
  <testcase classname="Base.BaseTest" name="@AfterSuite stopTestExecution" time="0.0">
    <ignored/>
  </testcase> <!-- @AfterSuite stopTestExecution -->
  <testcase classname="Base.BaseTest" name="@BeforeSuite startBeforeSuiteExecution" time="0.0">
    <ignored/>
  </testcase> <!-- @BeforeSuite startBeforeSuiteExecution -->
  <testcase classname="Base.BaseTest" name="@AfterSuite stopTestExecution" time="0.0">
    <ignored/>
  </testcase> <!-- @AfterSuite stopTestExecution -->
  <testcase classname="Base.BaseTest" name="@BeforeSuite startBeforeSuiteExecution" time="0.0">
    <ignored/>
  </testcase> <!-- @BeforeSuite startBeforeSuiteExecution -->
</testsuite> <!-- Surefire test -->
