<?xml version="1.0" encoding="UTF-8"?>
<testng-results ignored="6" total="11" passed="3" failed="2" skipped="0">
  <reporter-output>
  </reporter-output>
  <suite started-at="2023-04-24T14:11:42 IST" name="Surefire suite" finished-at="2023-04-24T14:13:06 IST" duration-ms="83908">
    <groups>
    </groups>
    <test started-at="2023-04-24T14:11:42 IST" name="Surefire test" finished-at="2023-04-24T14:13:06 IST" duration-ms="83908">
      <class name="Tests.LoginPageTests">
        <test-method is-config="true" signature="init()[pri:0, instance:Tests.LoginPageTests@43301423]" started-at="2023-04-24T14:12:18 IST" name="init" description="Browser Initialized before class" finished-at="2023-04-24T14:12:20 IST" duration-ms="2119" status="PASS">
          <reporter-output>
          </reporter-output>
        </test-method> <!-- init -->
        <test-method is-config="true" signature="beforeClassTest()[pri:0, instance:Tests.LoginPageTests@43301423]" started-at="2023-04-24T14:12:18 IST" name="beforeClassTest" finished-at="2023-04-24T14:12:18 IST" duration-ms="0" status="PASS">
          <reporter-output>
          </reporter-output>
        </test-method> <!-- beforeClassTest -->
        <test-method is-config="true" signature="beforeMethodTest(java.lang.reflect.Method)[pri:0, instance:Tests.LoginPageTests@43301423]" started-at="2023-04-24T14:12:20 IST" name="beforeMethodTest" finished-at="2023-04-24T14:12:20 IST" duration-ms="0" status="PASS">
          <params>
            <param index="0">
              <value>
                <![CDATA[public void Tests.LoginPageTests.verifyLoginPickrr()]]>
              </value>
            </param>
          </params>
          <reporter-output>
          </reporter-output>
        </test-method> <!-- beforeMethodTest -->
        <test-method signature="verifyLoginPickrr()[pri:0, instance:Tests.LoginPageTests@43301423]" started-at="2023-04-24T14:12:20 IST" name="verifyLoginPickrr" finished-at="2023-04-24T14:12:24 IST" duration-ms="3810" status="PASS">
          <reporter-output>
          </reporter-output>
        </test-method> <!-- verifyLoginPickrr -->
        <test-method is-config="true" signature="afterMethod(org.testng.ITestResult,java.lang.reflect.Method)[pri:0, instance:Tests.LoginPageTests@43301423]" started-at="2023-04-24T14:12:24 IST" name="afterMethod" finished-at="2023-04-24T14:12:24 IST" duration-ms="32" status="PASS">
          <params>
            <param index="0">
              <value>
                <![CDATA[[TestResult name=verifyLoginPickrr status=SUCCESS method=LoginPageTests.verifyLoginPickrr()[pri:0, instance:Tests.LoginPageTests@43301423] output={null}]]]>
              </value>
            </param>
            <param index="1">
              <value>
                <![CDATA[public void Tests.LoginPageTests.verifyLoginPickrr()]]>
              </value>
            </param>
          </params>
          <reporter-output>
          </reporter-output>
        </test-method> <!-- afterMethod -->
        <test-method is-config="true" signature="tearDown()[pri:0, instance:Tests.LoginPageTests@43301423]" started-at="2023-04-24T14:12:24 IST" name="tearDown" finished-at="2023-04-24T14:12:25 IST" duration-ms="1130" status="PASS">
          <reporter-output>
          </reporter-output>
        </test-method> <!-- tearDown -->
        <test-method is-config="true" signature="initReport()[pri:0, instance:Tests.LoginPageTests@43301423]" started-at="2023-04-24T14:12:25 IST" name="initReport" finished-at="2023-04-24T14:12:25 IST" duration-ms="43" status="PASS">
          <reporter-output>
          </reporter-output>
        </test-method> <!-- initReport -->
      </class> <!-- Tests.LoginPageTests -->
      <class name="Tests.HomePageTests">
        <test-method is-config="true" signature="beforeClassTest()[pri:0, instance:Tests.HomePageTests@4e91d63f]" started-at="2023-04-24T14:12:45 IST" name="beforeClassTest" finished-at="2023-04-24T14:12:45 IST" duration-ms="1" status="PASS">
          <reporter-output>
          </reporter-output>
        </test-method> <!-- beforeClassTest -->
        <test-method is-config="true" signature="beforeMethodTest(java.lang.reflect.Method)[pri:0, instance:Tests.HomePageTests@4e91d63f]" started-at="2023-04-24T14:12:45 IST" name="beforeMethodTest" finished-at="2023-04-24T14:12:45 IST" duration-ms="0" status="PASS">
          <params>
            <param index="0">
              <value>
                <![CDATA[public void Tests.HomePageTests.verifyNavigationToCreateOrderPage()]]>
              </value>
            </param>
          </params>
          <reporter-output>
          </reporter-output>
        </test-method> <!-- beforeMethodTest -->
        <test-method is-config="true" signature="init()[pri:0, instance:Tests.HomePageTests@4e91d63f]" started-at="2023-04-24T14:12:45 IST" name="init" finished-at="2023-04-24T14:12:47 IST" duration-ms="1695" status="PASS">
          <reporter-output>
          </reporter-output>
        </test-method> <!-- init -->
        <test-method signature="verifyNavigationToCreateOrderPage()[pri:0, instance:Tests.HomePageTests@4e91d63f]" started-at="2023-04-24T14:12:47 IST" name="verifyNavigationToCreateOrderPage" finished-at="2023-04-24T14:13:06 IST" duration-ms="19014" status="FAIL">
          <exception class="org.openqa.selenium.TimeoutException">
            <message>
              <![CDATA[Expected condition failed: waiting for visibility of element located by By.xpath: //img[@alt='Create Order plus icon'] (tried for 10 second(s) with 500 milliseconds interval)
Build info: version: '4.4.0', revision: 'e5c75ed026a'
System info: host: 'PoojaBalhara-MacBook-Pro.local', ip: 'fe80:0:0:0:14dc:2fe6:45d1:21d7%en0', os.name: 'Mac OS X', os.arch: 'aarch64', os.version: '13.3.1', java.version: '19.0.2'
Driver info: org.openqa.selenium.chrome.ChromeDriver
Capabilities {acceptInsecureCerts: false, browserName: chrome, browserVersion: 108.0.5359.98, chrome: {chromedriverVersion: 108.0.5359.71 (1e0e3868ee06..., userDataDir: /var/folders/hp/c1lg7pt953l...}, goog:chromeOptions: {debuggerAddress: localhost:60870}, networkConnectionEnabled: false, pageLoadStrategy: normal, platformName: MAC, proxy: Proxy(), se:cdp: ws://localhost:60870/devtoo..., se:cdpVersion: 108.0.5359.98, setWindowRect: true, strictFileInteractability: false, timeouts: {implicit: 0, pageLoad: 300000, script: 30000}, unhandledPromptBehavior: dismiss and notify, webauthn:extension:credBlob: true, webauthn:extension:largeBlob: true, webauthn:virtualAuthenticators: true}
Session ID: d72b87855857aedbebe9954774babaf7]]>
            </message>
            <full-stacktrace>
              <![CDATA[org.openqa.selenium.TimeoutException: Expected condition failed: waiting for visibility of element located by By.xpath: //img[@alt='Create Order plus icon'] (tried for 10 second(s) with 500 milliseconds interval)
Build info: version: '4.4.0', revision: 'e5c75ed026a'
System info: host: 'PoojaBalhara-MacBook-Pro.local', ip: 'fe80:0:0:0:14dc:2fe6:45d1:21d7%en0', os.name: 'Mac OS X', os.arch: 'aarch64', os.version: '13.3.1', java.version: '19.0.2'
Driver info: org.openqa.selenium.chrome.ChromeDriver
Capabilities {acceptInsecureCerts: false, browserName: chrome, browserVersion: 108.0.5359.98, chrome: {chromedriverVersion: 108.0.5359.71 (1e0e3868ee06..., userDataDir: /var/folders/hp/c1lg7pt953l...}, goog:chromeOptions: {debuggerAddress: localhost:60870}, networkConnectionEnabled: false, pageLoadStrategy: normal, platformName: MAC, proxy: Proxy(), se:cdp: ws://localhost:60870/devtoo..., se:cdpVersion: 108.0.5359.98, setWindowRect: true, strictFileInteractability: false, timeouts: {implicit: 0, pageLoad: 300000, script: 30000}, unhandledPromptBehavior: dismiss and notify, webauthn:extension:credBlob: true, webauthn:extension:largeBlob: true, webauthn:virtualAuthenticators: true}
Session ID: d72b87855857aedbebe9954774babaf7
at org.openqa.selenium.support.ui.WebDriverWait.timeoutException(WebDriverWait.java:87)
at org.openqa.selenium.support.ui.FluentWait.until(FluentWait.java:231)
at Pages.BasePage.waitVisibility(BasePage.java:57)
at Pages.BasePage.click(BasePage.java:25)
at Actions.HomepageActions.HoverCreateAndClickCreateOrder(HomepageActions.java:14)
at Tests.HomePageTests.verifyNavigationToCreateOrderPage(HomePageTests.java:37)
at java.base/jdk.internal.reflect.DirectMethodHandleAccessor.invoke(DirectMethodHandleAccessor.java:104)
at java.base/java.lang.reflect.Method.invoke(Method.java:578)
at org.testng.internal.invokers.MethodInvocationHelper.invokeMethod(MethodInvocationHelper.java:139)
at org.testng.internal.invokers.TestInvoker.invokeMethod(TestInvoker.java:677)
at org.testng.internal.invokers.TestInvoker.invokeTestMethod(TestInvoker.java:221)
at org.testng.internal.invokers.MethodRunner.runInSequence(MethodRunner.java:50)
at org.testng.internal.invokers.TestInvoker$MethodInvocationAgent.invoke(TestInvoker.java:969)
at org.testng.internal.invokers.TestInvoker.invokeTestMethods(TestInvoker.java:194)
at org.testng.internal.invokers.TestMethodWorker.invokeTestMethods(TestMethodWorker.java:148)
at org.testng.internal.invokers.TestMethodWorker.run(TestMethodWorker.java:128)
at java.base/java.util.ArrayList.forEach(ArrayList.java:1511)
at org.testng.TestRunner.privateRun(TestRunner.java:829)
at org.testng.TestRunner.run(TestRunner.java:602)
at org.testng.SuiteRunner.runTest(SuiteRunner.java:437)
at org.testng.SuiteRunner.runSequentially(SuiteRunner.java:431)
at org.testng.SuiteRunner.privateRun(SuiteRunner.java:391)
at org.testng.SuiteRunner.run(SuiteRunner.java:330)
at org.testng.SuiteRunnerWorker.runSuite(SuiteRunnerWorker.java:52)
at org.testng.SuiteRunnerWorker.run(SuiteRunnerWorker.java:95)
at org.testng.TestNG.runSuitesSequentially(TestNG.java:1256)
at org.testng.TestNG.runSuitesLocally(TestNG.java:1176)
at org.testng.TestNG.runSuites(TestNG.java:1099)
at org.testng.TestNG.run(TestNG.java:1067)
at org.apache.maven.surefire.testng.TestNGExecutor.run(TestNGExecutor.java:155)
at org.apache.maven.surefire.testng.TestNGDirectoryTestSuite.executeMulti(TestNGDirectoryTestSuite.java:169)
at org.apache.maven.surefire.testng.TestNGDirectoryTestSuite.execute(TestNGDirectoryTestSuite.java:88)
at org.apache.maven.surefire.testng.TestNGProvider.invoke(TestNGProvider.java:137)
at org.apache.maven.surefire.booter.ForkedBooter.runSuitesInProcess(ForkedBooter.java:385)
at org.apache.maven.surefire.booter.ForkedBooter.execute(ForkedBooter.java:162)
at org.apache.maven.surefire.booter.ForkedBooter.run(ForkedBooter.java:507)
at org.apache.maven.surefire.booter.ForkedBooter.main(ForkedBooter.java:495)
]]>
            </full-stacktrace>
          </exception> <!-- org.openqa.selenium.TimeoutException -->
          <reporter-output>
          </reporter-output>
        </test-method> <!-- verifyNavigationToCreateOrderPage -->
        <test-method is-config="true" signature="tearDown()[pri:0, instance:Tests.HomePageTests@4e91d63f]" started-at="2023-04-24T14:13:06 IST" name="tearDown" finished-at="2023-04-24T14:13:06 IST" duration-ms="161" status="PASS">
          <reporter-output>
          </reporter-output>
        </test-method> <!-- tearDown -->
        <test-method is-config="true" signature="afterMethod(org.testng.ITestResult,java.lang.reflect.Method)[pri:0, instance:Tests.HomePageTests@4e91d63f]" started-at="2023-04-24T14:13:06 IST" name="afterMethod" finished-at="2023-04-24T14:13:06 IST" duration-ms="23" status="PASS">
          <params>
            <param index="0">
              <value>
                <![CDATA[[TestResult name=verifyNavigationToCreateOrderPage status=FAILURE method=HomePageTests.verifyNavigationToCreateOrderPage()[pri:0, instance:Tests.HomePageTests@4e91d63f] output={null}]]]>
              </value>
            </param>
            <param index="1">
              <value>
                <![CDATA[public void Tests.HomePageTests.verifyNavigationToCreateOrderPage()]]>
              </value>
            </param>
          </params>
          <reporter-output>
          </reporter-output>
        </test-method> <!-- afterMethod -->
        <test-method is-config="true" signature="initReport()[pri:0, instance:Tests.HomePageTests@4e91d63f]" started-at="2023-04-24T14:13:06 IST" name="initReport" finished-at="2023-04-24T14:13:06 IST" duration-ms="35" status="PASS">
          <reporter-output>
          </reporter-output>
        </test-method> <!-- initReport -->
      </class> <!-- Tests.HomePageTests -->
      <class name="Tests.SignUpPageTests">
        <test-method is-config="true" signature="beforeMethodTest(java.lang.reflect.Method)[pri:0, instance:Tests.SignUpPageTests@1a04f701]" started-at="2023-04-24T14:12:25 IST" name="beforeMethodTest" finished-at="2023-04-24T14:12:25 IST" duration-ms="1" status="PASS">
          <params>
            <param index="0">
              <value>
                <![CDATA[public void Tests.SignUpPageTests.verifyUserSignUpForFree() throws java.lang.InterruptedException]]>
              </value>
            </param>
          </params>
          <reporter-output>
          </reporter-output>
        </test-method> <!-- beforeMethodTest -->
        <test-method is-config="true" signature="beforeClassTest()[pri:0, instance:Tests.SignUpPageTests@1a04f701]" started-at="2023-04-24T14:12:25 IST" name="beforeClassTest" finished-at="2023-04-24T14:12:25 IST" duration-ms="0" status="PASS">
          <reporter-output>
          </reporter-output>
        </test-method> <!-- beforeClassTest -->
        <test-method is-config="true" signature="init()[pri:0, instance:Tests.SignUpPageTests@1a04f701]" started-at="2023-04-24T14:12:25 IST" name="init" finished-at="2023-04-24T14:12:26 IST" duration-ms="1268" status="PASS">
          <reporter-output>
          </reporter-output>
        </test-method> <!-- init -->
        <test-method signature="verifyUserSignUpForFree()[pri:0, instance:Tests.SignUpPageTests@1a04f701]" started-at="2023-04-24T14:12:26 IST" name="verifyUserSignUpForFree" description="Verifying User Sign-Up For Free functionality " finished-at="2023-04-24T14:12:37 IST" duration-ms="10541" status="PASS">
          <reporter-output>
          </reporter-output>
        </test-method> <!-- verifyUserSignUpForFree -->
        <test-method is-config="true" signature="tearDown()[pri:0, instance:Tests.SignUpPageTests@1a04f701]" started-at="2023-04-24T14:12:37 IST" name="tearDown" finished-at="2023-04-24T14:12:37 IST" duration-ms="162" status="PASS">
          <reporter-output>
          </reporter-output>
        </test-method> <!-- tearDown -->
        <test-method is-config="true" signature="afterMethod(org.testng.ITestResult,java.lang.reflect.Method)[pri:0, instance:Tests.SignUpPageTests@1a04f701]" started-at="2023-04-24T14:12:37 IST" name="afterMethod" finished-at="2023-04-24T14:12:37 IST" duration-ms="24" status="PASS">
          <params>
            <param index="0">
              <value>
                <![CDATA[[TestResult name=verifyUserSignUpForFree status=SUCCESS method=SignUpPageTests.verifyUserSignUpForFree()[pri:0, instance:Tests.SignUpPageTests@1a04f701] output={null}]]]>
              </value>
            </param>
            <param index="1">
              <value>
                <![CDATA[public void Tests.SignUpPageTests.verifyUserSignUpForFree() throws java.lang.InterruptedException]]>
              </value>
            </param>
          </params>
          <reporter-output>
          </reporter-output>
        </test-method> <!-- afterMethod -->
        <test-method is-config="true" signature="beforeMethodTest(java.lang.reflect.Method)[pri:0, instance:Tests.SignUpPageTests@1a04f701]" started-at="2023-04-24T14:12:37 IST" name="beforeMethodTest" finished-at="2023-04-24T14:12:37 IST" duration-ms="0" status="PASS">
          <params>
            <param index="0">
              <value>
                <![CDATA[public void Tests.SignUpPageTests.verifyMobile()]]>
              </value>
            </param>
          </params>
          <reporter-output>
          </reporter-output>
        </test-method> <!-- beforeMethodTest -->
        <test-method is-config="true" signature="init()[pri:0, instance:Tests.SignUpPageTests@1a04f701]" started-at="2023-04-24T14:12:37 IST" name="init" finished-at="2023-04-24T14:12:39 IST" duration-ms="2163" status="PASS">
          <reporter-output>
          </reporter-output>
        </test-method> <!-- init -->
        <test-method signature="verifyMobile()[pri:1, instance:Tests.SignUpPageTests@1a04f701]" started-at="2023-04-24T14:12:39 IST" name="verifyMobile" description="Verifying User Sign-Up For Mobile functionality " finished-at="2023-04-24T14:12:45 IST" duration-ms="6102" status="FAIL">
          <exception class="org.openqa.selenium.ElementClickInterceptedException">
            <message>
              <![CDATA[element click intercepted: Element <button _ngcontent-hog-c56="" type="submit" class="mt-4 btn btn-bg-blue col-md-12 fs-14px text-light SFProDisplay-Semibold rounded-10px" style="height: 36px;" disabled="">...</button> is not clickable at point (1144, 435). Other element would receive the click: <div _ngcontent-hog-c16="" class="ngx-overlay foreground-closing" style="background-color: rgba(0, 0, 0, 0.5); border-radius: 0px;">...</div>
  (Session info: chrome=108.0.5359.98)
Build info: version: '4.4.0', revision: 'e5c75ed026a'
System info: host: 'PoojaBalhara-MacBook-Pro.local', ip: 'fe80:0:0:0:14dc:2fe6:45d1:21d7%en0', os.name: 'Mac OS X', os.arch: 'aarch64', os.version: '13.3.1', java.version: '19.0.2'
Driver info: org.openqa.selenium.chrome.ChromeDriver
Command: [1d241b4c3d6b062776999188a91cee69, clickElement {id=ed52dd0c-8f3f-495b-9d55-b3a4bcc42697}]
Capabilities {acceptInsecureCerts: false, browserName: chrome, browserVersion: 108.0.5359.98, chrome: {chromedriverVersion: 108.0.5359.71 (1e0e3868ee06..., userDataDir: /var/folders/hp/c1lg7pt953l...}, goog:chromeOptions: {debuggerAddress: localhost:60749}, networkConnectionEnabled: false, pageLoadStrategy: normal, platformName: MAC, proxy: Proxy(), se:cdp: ws://localhost:60749/devtoo..., se:cdpVersion: 108.0.5359.98, setWindowRect: true, strictFileInteractability: false, timeouts: {implicit: 0, pageLoad: 300000, script: 30000}, unhandledPromptBehavior: dismiss and notify, webauthn:extension:credBlob: true, webauthn:extension:largeBlob: true, webauthn:virtualAuthenticators: true}
Element: [[ChromeDriver: chrome on MAC (1d241b4c3d6b062776999188a91cee69)] -> xpath: //button[@type='submit']]
Session ID: 1d241b4c3d6b062776999188a91cee69]]>
            </message>
            <full-stacktrace>
              <![CDATA[org.openqa.selenium.ElementClickInterceptedException: element click intercepted: Element <button _ngcontent-hog-c56="" type="submit" class="mt-4 btn btn-bg-blue col-md-12 fs-14px text-light SFProDisplay-Semibold rounded-10px" style="height: 36px;" disabled="">...</button> is not clickable at point (1144, 435). Other element would receive the click: <div _ngcontent-hog-c16="" class="ngx-overlay foreground-closing" style="background-color: rgba(0, 0, 0, 0.5); border-radius: 0px;">...</div>
  (Session info: chrome=108.0.5359.98)
Build info: version: '4.4.0', revision: 'e5c75ed026a'
System info: host: 'PoojaBalhara-MacBook-Pro.local', ip: 'fe80:0:0:0:14dc:2fe6:45d1:21d7%en0', os.name: 'Mac OS X', os.arch: 'aarch64', os.version: '13.3.1', java.version: '19.0.2'
Driver info: org.openqa.selenium.chrome.ChromeDriver
Command: [1d241b4c3d6b062776999188a91cee69, clickElement {id=ed52dd0c-8f3f-495b-9d55-b3a4bcc42697}]
Capabilities {acceptInsecureCerts: false, browserName: chrome, browserVersion: 108.0.5359.98, chrome: {chromedriverVersion: 108.0.5359.71 (1e0e3868ee06..., userDataDir: /var/folders/hp/c1lg7pt953l...}, goog:chromeOptions: {debuggerAddress: localhost:60749}, networkConnectionEnabled: false, pageLoadStrategy: normal, platformName: MAC, proxy: Proxy(), se:cdp: ws://localhost:60749/devtoo..., se:cdpVersion: 108.0.5359.98, setWindowRect: true, strictFileInteractability: false, timeouts: {implicit: 0, pageLoad: 300000, script: 30000}, unhandledPromptBehavior: dismiss and notify, webauthn:extension:credBlob: true, webauthn:extension:largeBlob: true, webauthn:virtualAuthenticators: true}
Element: [[ChromeDriver: chrome on MAC (1d241b4c3d6b062776999188a91cee69)] -> xpath: //button[@type='submit']]
Session ID: 1d241b4c3d6b062776999188a91cee69
at java.base/jdk.internal.reflect.DirectConstructorHandleAccessor.newInstance(DirectConstructorHandleAccessor.java:67)
at java.base/java.lang.reflect.Constructor.newInstanceWithCaller(Constructor.java:500)
at java.base/java.lang.reflect.Constructor.newInstance(Constructor.java:484)
at org.openqa.selenium.remote.codec.w3c.W3CHttpResponseCodec.createException(W3CHttpResponseCodec.java:200)
at org.openqa.selenium.remote.codec.w3c.W3CHttpResponseCodec.decode(W3CHttpResponseCodec.java:133)
at org.openqa.selenium.remote.codec.w3c.W3CHttpResponseCodec.decode(W3CHttpResponseCodec.java:53)
at org.openqa.selenium.remote.HttpCommandExecutor.execute(HttpCommandExecutor.java:184)
at org.openqa.selenium.remote.service.DriverCommandExecutor.invokeExecute(DriverCommandExecutor.java:167)
at org.openqa.selenium.remote.service.DriverCommandExecutor.execute(DriverCommandExecutor.java:142)
at org.openqa.selenium.remote.RemoteWebDriver.execute(RemoteWebDriver.java:547)
at org.openqa.selenium.remote.RemoteWebElement.execute(RemoteWebElement.java:257)
at org.openqa.selenium.remote.RemoteWebElement.click(RemoteWebElement.java:78)
at Pages.BasePage.click(BasePage.java:25)
at Actions.SignUpPageActions.enterMobileForOTP(SignUpPageActions.java:37)
at Tests.SignUpPageTests.verifyMobile(SignUpPageTests.java:41)
at java.base/jdk.internal.reflect.DirectMethodHandleAccessor.invoke(DirectMethodHandleAccessor.java:104)
at java.base/java.lang.reflect.Method.invoke(Method.java:578)
at org.testng.internal.invokers.MethodInvocationHelper.invokeMethod(MethodInvocationHelper.java:139)
at org.testng.internal.invokers.TestInvoker.invokeMethod(TestInvoker.java:677)
at org.testng.internal.invokers.TestInvoker.invokeTestMethod(TestInvoker.java:221)
at org.testng.internal.invokers.MethodRunner.runInSequence(MethodRunner.java:50)
at org.testng.internal.invokers.TestInvoker$MethodInvocationAgent.invoke(TestInvoker.java:969)
at org.testng.internal.invokers.TestInvoker.invokeTestMethods(TestInvoker.java:194)
at org.testng.internal.invokers.TestMethodWorker.invokeTestMethods(TestMethodWorker.java:148)
at org.testng.internal.invokers.TestMethodWorker.run(TestMethodWorker.java:128)
at java.base/java.util.ArrayList.forEach(ArrayList.java:1511)
at org.testng.TestRunner.privateRun(TestRunner.java:829)
at org.testng.TestRunner.run(TestRunner.java:602)
at org.testng.SuiteRunner.runTest(SuiteRunner.java:437)
at org.testng.SuiteRunner.runSequentially(SuiteRunner.java:431)
at org.testng.SuiteRunner.privateRun(SuiteRunner.java:391)
at org.testng.SuiteRunner.run(SuiteRunner.java:330)
at org.testng.SuiteRunnerWorker.runSuite(SuiteRunnerWorker.java:52)
at org.testng.SuiteRunnerWorker.run(SuiteRunnerWorker.java:95)
at org.testng.TestNG.runSuitesSequentially(TestNG.java:1256)
at org.testng.TestNG.runSuitesLocally(TestNG.java:1176)
at org.testng.TestNG.runSuites(TestNG.java:1099)
at org.testng.TestNG.run(TestNG.java:1067)
at org.apache.maven.surefire.testng.TestNGExecutor.run(TestNGExecutor.java:155)
at org.apache.maven.surefire.testng.TestNGDirectoryTestSuite.executeMulti(TestNGDirectoryTestSuite.java:169)
at org.apache.maven.surefire.testng.TestNGDirectoryTestSuite.execute(TestNGDirectoryTestSuite.java:88)
at org.apache.maven.surefire.testng.TestNGProvider.invoke(TestNGProvider.java:137)
at org.apache.maven.surefire.booter.ForkedBooter.runSuitesInProcess(ForkedBooter.java:385)
at org.apache.maven.surefire.booter.ForkedBooter.execute(ForkedBooter.java:162)
at org.apache.maven.surefire.booter.ForkedBooter.run(ForkedBooter.java:507)
at org.apache.maven.surefire.booter.ForkedBooter.main(ForkedBooter.java:495)
]]>
            </full-stacktrace>
          </exception> <!-- org.openqa.selenium.ElementClickInterceptedException -->
          <reporter-output>
          </reporter-output>
        </test-method> <!-- verifyMobile -->
        <test-method is-config="true" signature="tearDown()[pri:0, instance:Tests.SignUpPageTests@1a04f701]" started-at="2023-04-24T14:12:45 IST" name="tearDown" finished-at="2023-04-24T14:12:45 IST" duration-ms="161" status="PASS">
          <reporter-output>
          </reporter-output>
        </test-method> <!-- tearDown -->
        <test-method is-config="true" signature="afterMethod(org.testng.ITestResult,java.lang.reflect.Method)[pri:0, instance:Tests.SignUpPageTests@1a04f701]" started-at="2023-04-24T14:12:45 IST" name="afterMethod" finished-at="2023-04-24T14:12:45 IST" duration-ms="18" status="PASS">
          <params>
            <param index="0">
              <value>
                <![CDATA[[TestResult name=verifyMobile status=FAILURE method=SignUpPageTests.verifyMobile()[pri:1, instance:Tests.SignUpPageTests@1a04f701] output={null}]]]>
              </value>
            </param>
            <param index="1">
              <value>
                <![CDATA[public void Tests.SignUpPageTests.verifyMobile()]]>
              </value>
            </param>
          </params>
          <reporter-output>
          </reporter-output>
        </test-method> <!-- afterMethod -->
        <test-method is-config="true" signature="initReport()[pri:0, instance:Tests.SignUpPageTests@1a04f701]" started-at="2023-04-24T14:12:45 IST" name="initReport" finished-at="2023-04-24T14:12:45 IST" duration-ms="37" status="PASS">
          <reporter-output>
          </reporter-output>
        </test-method> <!-- initReport -->
      </class> <!-- Tests.SignUpPageTests -->
      <class name="Tests.CreateOrderPageTests">
        <test-method is-config="true" signature="startBeforeSuiteExecution(org.testng.ITestContext)[pri:0, instance:Tests.CreateOrderPageTests@79efed2d]" started-at="2023-04-24T14:11:42 IST" name="startBeforeSuiteExecution" finished-at="2023-04-24T14:11:42 IST" duration-ms="6" status="PASS">
          <params>
            <param index="0">
              <value>
                <![CDATA[org.testng.TestRunner@3e0a9b1d]]>
              </value>
            </param>
          </params>
          <reporter-output>
          </reporter-output>
        </test-method> <!-- startBeforeSuiteExecution -->
        <test-method is-config="true" signature="beforeClassTest()[pri:0, instance:Tests.CreateOrderPageTests@79efed2d]" started-at="2023-04-24T14:11:42 IST" name="beforeClassTest" finished-at="2023-04-24T14:11:42 IST" duration-ms="71" status="PASS">
          <reporter-output>
          </reporter-output>
        </test-method> <!-- beforeClassTest -->
        <test-method is-config="true" signature="beforeMethodTest(java.lang.reflect.Method)[pri:0, instance:Tests.CreateOrderPageTests@79efed2d]" started-at="2023-04-24T14:11:42 IST" name="beforeMethodTest" finished-at="2023-04-24T14:11:42 IST" duration-ms="0" status="PASS">
          <params>
            <param index="0">
              <value>
                <![CDATA[public void Tests.CreateOrderPageTests.createSingleOrder()]]>
              </value>
            </param>
          </params>
          <reporter-output>
          </reporter-output>
        </test-method> <!-- beforeMethodTest -->
        <test-method is-config="true" signature="setUp()[pri:0, instance:Tests.CreateOrderPageTests@79efed2d]" started-at="2023-04-24T14:11:42 IST" name="setUp" finished-at="2023-04-24T14:11:51 IST" duration-ms="8139" status="PASS">
          <reporter-output>
          </reporter-output>
        </test-method> <!-- setUp -->
        <test-method signature="createSingleOrder()[pri:0, instance:Tests.CreateOrderPageTests@79efed2d]" started-at="2023-04-24T14:11:51 IST" name="createSingleOrder" finished-at="2023-04-24T14:12:17 IST" duration-ms="26781" status="PASS">
          <reporter-output>
          </reporter-output>
        </test-method> <!-- createSingleOrder -->
        <test-method is-config="true" signature="tearDown()[pri:0, instance:Tests.CreateOrderPageTests@79efed2d]" started-at="2023-04-24T14:12:17 IST" name="tearDown" finished-at="2023-04-24T14:12:17 IST" duration-ms="163" status="PASS">
          <reporter-output>
          </reporter-output>
        </test-method> <!-- tearDown -->
        <test-method is-config="true" signature="afterMethod(org.testng.ITestResult,java.lang.reflect.Method)[pri:0, instance:Tests.CreateOrderPageTests@79efed2d]" started-at="2023-04-24T14:12:17 IST" name="afterMethod" finished-at="2023-04-24T14:12:18 IST" duration-ms="121" status="PASS">
          <params>
            <param index="0">
              <value>
                <![CDATA[[TestResult name=createSingleOrder status=SUCCESS method=CreateOrderPageTests.createSingleOrder()[pri:0, instance:Tests.CreateOrderPageTests@79efed2d] output={null}]]]>
              </value>
            </param>
            <param index="1">
              <value>
                <![CDATA[public void Tests.CreateOrderPageTests.createSingleOrder()]]>
              </value>
            </param>
          </params>
          <reporter-output>
          </reporter-output>
        </test-method> <!-- afterMethod -->
        <test-method is-config="true" signature="initReport()[pri:0, instance:Tests.CreateOrderPageTests@79efed2d]" started-at="2023-04-24T14:12:18 IST" name="initReport" finished-at="2023-04-24T14:12:18 IST" duration-ms="40" status="PASS">
          <reporter-output>
          </reporter-output>
        </test-method> <!-- initReport -->
        <test-method is-config="true" signature="stopTestExecution(org.testng.ITestContext)[pri:0, instance:Tests.CreateOrderPageTests@79efed2d]" started-at="2023-04-24T14:13:11 IST" name="stopTestExecution" finished-at="2023-04-24T14:13:11 IST" duration-ms="18" status="PASS">
          <params>
            <param index="0">
              <value>
                <![CDATA[org.testng.TestRunner@3e0a9b1d]]>
              </value>
            </param>
          </params>
          <reporter-output>
          </reporter-output>
        </test-method> <!-- stopTestExecution -->
      </class> <!-- Tests.CreateOrderPageTests -->
    </test> <!-- Surefire test -->
  </suite> <!-- Surefire suite -->
</testng-results>
